Configuration file: /Users/ekhiyami/ekhiyami.github.io/_config.yml
            Source: /Users/ekhiyami/ekhiyami.github.io
       Destination: /Users/ekhiyami/ekhiyami.github.io/_site
 Incremental build: disabled. Enable with --incremental
      Generating... 
       Jekyll Feed: Generating feed for posts
[33m          Conflict: The following destination is shared by multiple files.[0m
[33m                    The written file may end up with unexpected contents.[0m
[33m                    [36m/Users/ekhiyami/ekhiyami.github.io/_site/built-with-amazon-q/index.html[0m[0m
[33m                     - built-with-amazon-q/index.html[0m
[33m                     - /Users/ekhiyami/ekhiyami.github.io/_posts/2025-07-22-built-with-amazon-q.md[0m
[33m                    [0m
                    done in 0.97 seconds.
 Auto-regeneration: enabled for '/Users/ekhiyami/ekhiyami.github.io'
LiveReload address: http://0.0.0.0:35729
    Server address: http://0.0.0.0:4000
  Server running... press ctrl-c to stop.
        LiveReload: Browser connected
      Regenerating: 2 file(s) changed at 2025-08-05 12:48:18
                    index.html
                    jekyll.log
       Jekyll Feed: Generating feed for posts
[33m          Conflict: The following destination is shared by multiple files.[0m
[33m                    The written file may end up with unexpected contents.[0m
[33m                    [36m/Users/ekhiyami/ekhiyami.github.io/_site/built-with-amazon-q/index.html[0m[0m
[33m                     - built-with-amazon-q/index.html[0m
[33m                     - /Users/ekhiyami/ekhiyami.github.io/_posts/2025-07-22-built-with-amazon-q.md[0m
[33m                    [0m
                    ...done in 0.443101 seconds.
                    
      Regenerating: 2 file(s) changed at 2025-08-05 12:54:15
                    index.html
                    jekyll.log
       Jekyll Feed: Generating feed for posts
[33m          Conflict: The following destination is shared by multiple files.[0m
[33m                    The written file may end up with unexpected contents.[0m
[33m                    [36m/Users/ekhiyami/ekhiyami.github.io/_site/built-with-amazon-q/index.html[0m[0m
[33m                     - built-with-amazon-q/index.html[0m
[33m                     - /Users/ekhiyami/ekhiyami.github.io/_posts/2025-07-22-built-with-amazon-q.md[0m
[33m                    [0m
                    ...done in 0.32012 seconds.
                    
      Regenerating: 2 file(s) changed at 2025-08-05 12:54:21
                    index.html
                    jekyll.log
       Jekyll Feed: Generating feed for posts
[33m          Conflict: The following destination is shared by multiple files.[0m
[33m                    The written file may end up with unexpected contents.[0m
[33m                    [36m/Users/ekhiyami/ekhiyami.github.io/_site/built-with-amazon-q/index.html[0m[0m
[33m                     - built-with-amazon-q/index.html[0m
[33m                     - /Users/ekhiyami/ekhiyami.github.io/_posts/2025-07-22-built-with-amazon-q.md[0m
[33m                    [0m
                    ...done in 0.288222 seconds.
                    
      Regenerating: 1 file(s) changed at 2025-08-05 12:54:27
                    index.html
       Jekyll Feed: Generating feed for posts
[33m          Conflict: The following destination is shared by multiple files.[0m
[33m                    The written file may end up with unexpected contents.[0m
[33m                    [36m/Users/ekhiyami/ekhiyami.github.io/_site/built-with-amazon-q/index.html[0m[0m
[33m                     - built-with-amazon-q/index.html[0m
[33m                     - /Users/ekhiyami/ekhiyami.github.io/_posts/2025-07-22-built-with-amazon-q.md[0m
[33m                    [0m
                    ...done in 0.525834 seconds.
                    
      Regenerating: 1 file(s) changed at 2025-08-05 12:54:27
                    jekyll.log
       Jekyll Feed: Generating feed for posts
[33m          Conflict: The following destination is shared by multiple files.[0m
[33m                    The written file may end up with unexpected contents.[0m
[33m                    [36m/Users/ekhiyami/ekhiyami.github.io/_site/built-with-amazon-q/index.html[0m[0m
[33m                     - built-with-amazon-q/index.html[0m
[33m                     - /Users/ekhiyami/ekhiyami.github.io/_posts/2025-07-22-built-with-amazon-q.md[0m
[33m                    [0m
                    ...done in 0.373736 seconds.
                    
      Regenerating: 2 file(s) changed at 2025-08-05 12:54:34
                    index.html
                    jekyll.log
       Jekyll Feed: Generating feed for posts
[33m          Conflict: The following destination is shared by multiple files.[0m
[33m                    The written file may end up with unexpected contents.[0m
[33m                    [36m/Users/ekhiyami/ekhiyami.github.io/_site/built-with-amazon-q/index.html[0m[0m
[33m                     - built-with-amazon-q/index.html[0m
[33m                     - /Users/ekhiyami/ekhiyami.github.io/_posts/2025-07-22-built-with-amazon-q.md[0m
[33m                    [0m
                    ...done in 0.360099 seconds.
                    
      Regenerating: 2 file(s) changed at 2025-08-05 12:55:02
                    index.html
                    jekyll.log
       Jekyll Feed: Generating feed for posts
[33m          Conflict: The following destination is shared by multiple files.[0m
[33m                    The written file may end up with unexpected contents.[0m
[33m                    [36m/Users/ekhiyami/ekhiyami.github.io/_site/built-with-amazon-q/index.html[0m[0m
[33m                     - built-with-amazon-q/index.html[0m
[33m                     - /Users/ekhiyami/ekhiyami.github.io/_posts/2025-07-22-built-with-amazon-q.md[0m
[33m                    [0m
                    ...done in 0.418429 seconds.
                    
      Regenerating: 2 file(s) changed at 2025-08-05 12:55:12
                    index.html
                    jekyll.log
       Jekyll Feed: Generating feed for posts
[33m          Conflict: The following destination is shared by multiple files.[0m
[33m                    The written file may end up with unexpected contents.[0m
[33m                    [36m/Users/ekhiyami/ekhiyami.github.io/_site/built-with-amazon-q/index.html[0m[0m
[33m                     - built-with-amazon-q/index.html[0m
[33m                     - /Users/ekhiyami/ekhiyami.github.io/_posts/2025-07-22-built-with-amazon-q.md[0m
[33m                    [0m
                    ...done in 0.378693 seconds.
                    
      Regenerating: 2 file(s) changed at 2025-08-05 12:55:24
                    index.html
                    jekyll.log
       Jekyll Feed: Generating feed for posts
[33m          Conflict: The following destination is shared by multiple files.[0m
[33m                    The written file may end up with unexpected contents.[0m
[33m                    [36m/Users/ekhiyami/ekhiyami.github.io/_site/built-with-amazon-q/index.html[0m[0m
[33m                     - built-with-amazon-q/index.html[0m
[33m                     - /Users/ekhiyami/ekhiyami.github.io/_posts/2025-07-22-built-with-amazon-q.md[0m
[33m                    [0m
                    ...done in 0.29772 seconds.
                    
      Regenerating: 2 file(s) changed at 2025-08-05 12:55:35
                    index.html
                    jekyll.log
       Jekyll Feed: Generating feed for posts
[33m          Conflict: The following destination is shared by multiple files.[0m
[33m                    The written file may end up with unexpected contents.[0m
[33m                    [36m/Users/ekhiyami/ekhiyami.github.io/_site/built-with-amazon-q/index.html[0m[0m
[33m                     - built-with-amazon-q/index.html[0m
[33m                     - /Users/ekhiyami/ekhiyami.github.io/_posts/2025-07-22-built-with-amazon-q.md[0m
[33m                    [0m
                    ...done in 0.330707 seconds.
                    
      Regenerating: 2 file(s) changed at 2025-08-05 12:55:45
                    index.html
                    jekyll.log
       Jekyll Feed: Generating feed for posts
[33m          Conflict: The following destination is shared by multiple files.[0m
[33m                    The written file may end up with unexpected contents.[0m
[33m                    [36m/Users/ekhiyami/ekhiyami.github.io/_site/built-with-amazon-q/index.html[0m[0m
[33m                     - built-with-amazon-q/index.html[0m
[33m                     - /Users/ekhiyami/ekhiyami.github.io/_posts/2025-07-22-built-with-amazon-q.md[0m
[33m                    [0m
                    ...done in 0.39163 seconds.
                    
      Regenerating: 2 file(s) changed at 2025-08-05 12:55:55
                    index.html
                    jekyll.log
       Jekyll Feed: Generating feed for posts
[33m          Conflict: The following destination is shared by multiple files.[0m
[33m                    The written file may end up with unexpected contents.[0m
[33m                    [36m/Users/ekhiyami/ekhiyami.github.io/_site/built-with-amazon-q/index.html[0m[0m
[33m                     - built-with-amazon-q/index.html[0m
[33m                     - /Users/ekhiyami/ekhiyami.github.io/_posts/2025-07-22-built-with-amazon-q.md[0m
[33m                    [0m
                    ...done in 0.395122 seconds.
                    
      Regenerating: 2 file(s) changed at 2025-08-05 13:01:15
                    projects.md
                    jekyll.log
       Jekyll Feed: Generating feed for posts
[33m          Conflict: The following destination is shared by multiple files.[0m
[33m                    The written file may end up with unexpected contents.[0m
[33m                    [36m/Users/ekhiyami/ekhiyami.github.io/_site/built-with-amazon-q/index.html[0m[0m
[33m                     - built-with-amazon-q/index.html[0m
[33m                     - /Users/ekhiyami/ekhiyami.github.io/_posts/2025-07-22-built-with-amazon-q.md[0m
[33m                    [0m
                    ...done in 0.881897 seconds.
                    
      Regenerating: 2 file(s) changed at 2025-08-05 13:05:42
                    projects.md
                    jekyll.log
       Jekyll Feed: Generating feed for posts
[33m          Conflict: The following destination is shared by multiple files.[0m
[33m                    The written file may end up with unexpected contents.[0m
[33m                    [36m/Users/ekhiyami/ekhiyami.github.io/_site/built-with-amazon-q/index.html[0m[0m
[33m                     - built-with-amazon-q/index.html[0m
[33m                     - /Users/ekhiyami/ekhiyami.github.io/_posts/2025-07-22-built-with-amazon-q.md[0m
[33m                    [0m
                    ...done in 0.382354 seconds.
                    
      Regenerating: 2 file(s) changed at 2025-08-05 13:11:00
                    index.html
                    jekyll.log
       Jekyll Feed: Generating feed for posts
[33m          Conflict: The following destination is shared by multiple files.[0m
[33m                    The written file may end up with unexpected contents.[0m
[33m                    [36m/Users/ekhiyami/ekhiyami.github.io/_site/built-with-amazon-q/index.html[0m[0m
[33m                     - built-with-amazon-q/index.html[0m
[33m                     - /Users/ekhiyami/ekhiyami.github.io/_posts/2025-07-22-built-with-amazon-q.md[0m
[33m                    [0m
                    ...done in 0.34778 seconds.
                    
      Regenerating: 2 file(s) changed at 2025-08-05 13:18:03
                    projects.md
                    jekyll.log
       Jekyll Feed: Generating feed for posts
[33m          Conflict: The following destination is shared by multiple files.[0m
[33m                    The written file may end up with unexpected contents.[0m
[33m                    [36m/Users/ekhiyami/ekhiyami.github.io/_site/built-with-amazon-q/index.html[0m[0m
[33m                     - built-with-amazon-q/index.html[0m
[33m                     - /Users/ekhiyami/ekhiyami.github.io/_posts/2025-07-22-built-with-amazon-q.md[0m
[33m                    [0m
                    ...done in 0.428417 seconds.
                    
      Regenerating: 2 file(s) changed at 2025-08-05 13:18:18
                    projects.md
                    jekyll.log
       Jekyll Feed: Generating feed for posts
[33m          Conflict: The following destination is shared by multiple files.[0m
[33m                    The written file may end up with unexpected contents.[0m
[33m                    [36m/Users/ekhiyami/ekhiyami.github.io/_site/built-with-amazon-q/index.html[0m[0m
[33m                     - built-with-amazon-q/index.html[0m
[33m                     - /Users/ekhiyami/ekhiyami.github.io/_posts/2025-07-22-built-with-amazon-q.md[0m
[33m                    [0m
                    ...done in 0.308353 seconds.
                    
      Regenerating: 2 file(s) changed at 2025-08-05 13:18:35
                    projects.md
                    jekyll.log
       Jekyll Feed: Generating feed for posts
[33m          Conflict: The following destination is shared by multiple files.[0m
[33m                    The written file may end up with unexpected contents.[0m
[33m                    [36m/Users/ekhiyami/ekhiyami.github.io/_site/built-with-amazon-q/index.html[0m[0m
[33m                     - built-with-amazon-q/index.html[0m
[33m                     - /Users/ekhiyami/ekhiyami.github.io/_posts/2025-07-22-built-with-amazon-q.md[0m
[33m                    [0m
                    ...done in 0.441723 seconds.
                    
      Regenerating: 2 file(s) changed at 2025-08-05 13:21:35
                    projects.md
                    jekyll.log
       Jekyll Feed: Generating feed for posts
[33m          Conflict: The following destination is shared by multiple files.[0m
[33m                    The written file may end up with unexpected contents.[0m
[33m                    [36m/Users/ekhiyami/ekhiyami.github.io/_site/built-with-amazon-q/index.html[0m[0m
[33m                     - built-with-amazon-q/index.html[0m
[33m                     - /Users/ekhiyami/ekhiyami.github.io/_posts/2025-07-22-built-with-amazon-q.md[0m
[33m                    [0m
                    ...done in 0.362221 seconds.
                    
      Regenerating: 2 file(s) changed at 2025-08-05 13:24:24
                    index.html
                    jekyll.log
       Jekyll Feed: Generating feed for posts
[33m          Conflict: The following destination is shared by multiple files.[0m
[33m                    The written file may end up with unexpected contents.[0m
[33m                    [36m/Users/ekhiyami/ekhiyami.github.io/_site/built-with-amazon-q/index.html[0m[0m
[33m                     - built-with-amazon-q/index.html[0m
[33m                     - /Users/ekhiyami/ekhiyami.github.io/_posts/2025-07-22-built-with-amazon-q.md[0m
[33m                    [0m
                    ...done in 0.36697 seconds.
                    
      Regenerating: 2 file(s) changed at 2025-08-05 13:26:49
                    index.html
                    jekyll.log
       Jekyll Feed: Generating feed for posts
[33m          Conflict: The following destination is shared by multiple files.[0m
[33m                    The written file may end up with unexpected contents.[0m
[33m                    [36m/Users/ekhiyami/ekhiyami.github.io/_site/built-with-amazon-q/index.html[0m[0m
[33m                     - built-with-amazon-q/index.html[0m
[33m                     - /Users/ekhiyami/ekhiyami.github.io/_posts/2025-07-22-built-with-amazon-q.md[0m
[33m                    [0m
                    ...done in 0.322888 seconds.
                    
      Regenerating: 2 file(s) changed at 2025-08-05 13:26:57
                    index.html
                    jekyll.log
       Jekyll Feed: Generating feed for posts
[33m          Conflict: The following destination is shared by multiple files.[0m
[33m                    The written file may end up with unexpected contents.[0m
[33m                    [36m/Users/ekhiyami/ekhiyami.github.io/_site/built-with-amazon-q/index.html[0m[0m
[33m                     - built-with-amazon-q/index.html[0m
[33m                     - /Users/ekhiyami/ekhiyami.github.io/_posts/2025-07-22-built-with-amazon-q.md[0m
[33m                    [0m
                    ...done in 0.277182 seconds.
                    
      Regenerating: 2 file(s) changed at 2025-08-05 13:27:09
                    index.html
                    jekyll.log
       Jekyll Feed: Generating feed for posts
[33m          Conflict: The following destination is shared by multiple files.[0m
[33m                    The written file may end up with unexpected contents.[0m
[33m                    [36m/Users/ekhiyami/ekhiyami.github.io/_site/built-with-amazon-q/index.html[0m[0m
[33m                     - built-with-amazon-q/index.html[0m
[33m                     - /Users/ekhiyami/ekhiyami.github.io/_posts/2025-07-22-built-with-amazon-q.md[0m
[33m                    [0m
                    ...done in 0.323958 seconds.
                    
      Regenerating: 2 file(s) changed at 2025-08-05 13:27:20
                    index.html
                    jekyll.log
       Jekyll Feed: Generating feed for posts
[33m          Conflict: The following destination is shared by multiple files.[0m
[33m                    The written file may end up with unexpected contents.[0m
[33m                    [36m/Users/ekhiyami/ekhiyami.github.io/_site/built-with-amazon-q/index.html[0m[0m
[33m                     - built-with-amazon-q/index.html[0m
[33m                     - /Users/ekhiyami/ekhiyami.github.io/_posts/2025-07-22-built-with-amazon-q.md[0m
[33m                    [0m
                    ...done in 0.346791 seconds.
                    
      Regenerating: 2 file(s) changed at 2025-08-05 13:27:38
                    index.html
                    jekyll.log
       Jekyll Feed: Generating feed for posts
[33m          Conflict: The following destination is shared by multiple files.[0m
[33m                    The written file may end up with unexpected contents.[0m
[33m                    [36m/Users/ekhiyami/ekhiyami.github.io/_site/built-with-amazon-q/index.html[0m[0m
[33m                     - built-with-amazon-q/index.html[0m
[33m                     - /Users/ekhiyami/ekhiyami.github.io/_posts/2025-07-22-built-with-amazon-q.md[0m
[33m                    [0m
                    ...done in 0.274189 seconds.
                    
      Regenerating: 2 file(s) changed at 2025-08-05 13:27:46
                    index.html
                    jekyll.log
       Jekyll Feed: Generating feed for posts
[33m          Conflict: The following destination is shared by multiple files.[0m
[33m                    The written file may end up with unexpected contents.[0m
[33m                    [36m/Users/ekhiyami/ekhiyami.github.io/_site/built-with-amazon-q/index.html[0m[0m
[33m                     - built-with-amazon-q/index.html[0m
[33m                     - /Users/ekhiyami/ekhiyami.github.io/_posts/2025-07-22-built-with-amazon-q.md[0m
[33m                    [0m
                    ...done in 0.275542 seconds.
                    
      Regenerating: 2 file(s) changed at 2025-08-05 13:29:32
                    index.html
                    jekyll.log
       Jekyll Feed: Generating feed for posts
[33m          Conflict: The following destination is shared by multiple files.[0m
[33m                    The written file may end up with unexpected contents.[0m
[33m                    [36m/Users/ekhiyami/ekhiyami.github.io/_site/built-with-amazon-q/index.html[0m[0m
[33m                     - built-with-amazon-q/index.html[0m
[33m                     - /Users/ekhiyami/ekhiyami.github.io/_posts/2025-07-22-built-with-amazon-q.md[0m
[33m                    [0m
                    ...done in 0.319308 seconds.
                    
      Regenerating: 2 file(s) changed at 2025-08-05 13:29:53
                    README.md
                    jekyll.log
       Jekyll Feed: Generating feed for posts
[33m          Conflict: The following destination is shared by multiple files.[0m
[33m                    The written file may end up with unexpected contents.[0m
[33m                    [36m/Users/ekhiyami/ekhiyami.github.io/_site/built-with-amazon-q/index.html[0m[0m
[33m                     - built-with-amazon-q/index.html[0m
[33m                     - /Users/ekhiyami/ekhiyami.github.io/_posts/2025-07-22-built-with-amazon-q.md[0m
[33m                    [0m
                    ...done in 0.644387 seconds.
                    
      Regenerating: 2 file(s) changed at 2025-08-05 13:29:59
                    README.md
                    jekyll.log
       Jekyll Feed: Generating feed for posts
[33m          Conflict: The following destination is shared by multiple files.[0m
[33m                    The written file may end up with unexpected contents.[0m
[33m                    [36m/Users/ekhiyami/ekhiyami.github.io/_site/built-with-amazon-q/index.html[0m[0m
[33m                     - built-with-amazon-q/index.html[0m
[33m                     - /Users/ekhiyami/ekhiyami.github.io/_posts/2025-07-22-built-with-amazon-q.md[0m
[33m                    [0m
                    ...done in 0.305896 seconds.
                    
      Regenerating: 2 file(s) changed at 2025-08-05 13:30:08
                    mentoring.md
                    jekyll.log
       Jekyll Feed: Generating feed for posts
[33m          Conflict: The following destination is shared by multiple files.[0m
[33m                    The written file may end up with unexpected contents.[0m
[33m                    [36m/Users/ekhiyami/ekhiyami.github.io/_site/built-with-amazon-q/index.html[0m[0m
[33m                     - built-with-amazon-q/index.html[0m
[33m                     - /Users/ekhiyami/ekhiyami.github.io/_posts/2025-07-22-built-with-amazon-q.md[0m
[33m                    [0m
                    ...done in 0.379013 seconds.
                    
      Regenerating: 2 file(s) changed at 2025-08-05 13:30:14
                    mentoring.md
                    jekyll.log
       Jekyll Feed: Generating feed for posts
[33m          Conflict: The following destination is shared by multiple files.[0m
[33m                    The written file may end up with unexpected contents.[0m
[33m                    [36m/Users/ekhiyami/ekhiyami.github.io/_site/built-with-amazon-q/index.html[0m[0m
[33m                     - built-with-amazon-q/index.html[0m
[33m                     - /Users/ekhiyami/ekhiyami.github.io/_posts/2025-07-22-built-with-amazon-q.md[0m
[33m                    [0m
                    ...done in 0.55981 seconds.
                    
      Regenerating: 2 file(s) changed at 2025-08-05 13:30:22
                    projects.md
                    jekyll.log
       Jekyll Feed: Generating feed for posts
[33m          Conflict: The following destination is shared by multiple files.[0m
[33m                    The written file may end up with unexpected contents.[0m
[33m                    [36m/Users/ekhiyami/ekhiyami.github.io/_site/built-with-amazon-q/index.html[0m[0m
[33m                     - built-with-amazon-q/index.html[0m
[33m                     - /Users/ekhiyami/ekhiyami.github.io/_posts/2025-07-22-built-with-amazon-q.md[0m
[33m                    [0m
                    ...done in 0.434243 seconds.
                    
      Regenerating: 2 file(s) changed at 2025-08-05 13:30:27
                    projects.md
                    jekyll.log
       Jekyll Feed: Generating feed for posts
[33m          Conflict: The following destination is shared by multiple files.[0m
[33m                    The written file may end up with unexpected contents.[0m
[33m                    [36m/Users/ekhiyami/ekhiyami.github.io/_site/built-with-amazon-q/index.html[0m[0m
[33m                     - built-with-amazon-q/index.html[0m
[33m                     - /Users/ekhiyami/ekhiyami.github.io/_posts/2025-07-22-built-with-amazon-q.md[0m
[33m                    [0m
                    ...done in 0.321937 seconds.
                    
      Regenerating: 1 file(s) changed at 2025-08-05 13:32:44
                    index.html
       Jekyll Feed: Generating feed for posts
[33m          Conflict: The following destination is shared by multiple files.[0m
[33m                    The written file may end up with unexpected contents.[0m
[33m                    [36m/Users/ekhiyami/ekhiyami.github.io/_site/built-with-amazon-q/index.html[0m[0m
[33m                     - built-with-amazon-q/index.html[0m
[33m                     - /Users/ekhiyami/ekhiyami.github.io/_posts/2025-07-22-built-with-amazon-q.md[0m
[33m                    [0m
                    ...done in 0.48713 seconds.
                    
      Regenerating: 1 file(s) changed at 2025-08-05 13:32:45
                    jekyll.log
       Jekyll Feed: Generating feed for posts
[33m          Conflict: The following destination is shared by multiple files.[0m
[33m                    The written file may end up with unexpected contents.[0m
[33m                    [36m/Users/ekhiyami/ekhiyami.github.io/_site/built-with-amazon-q/index.html[0m[0m
[33m                     - built-with-amazon-q/index.html[0m
[33m                     - /Users/ekhiyami/ekhiyami.github.io/_posts/2025-07-22-built-with-amazon-q.md[0m
[33m                    [0m
                    ...done in 0.445042 seconds.
                    
      Regenerating: 2 file(s) changed at 2025-08-05 13:32:53
                    README.md
                    jekyll.log
       Jekyll Feed: Generating feed for posts
[33m          Conflict: The following destination is shared by multiple files.[0m
[33m                    The written file may end up with unexpected contents.[0m
[33m                    [36m/Users/ekhiyami/ekhiyami.github.io/_site/built-with-amazon-q/index.html[0m[0m
[33m                     - built-with-amazon-q/index.html[0m
[33m                     - /Users/ekhiyami/ekhiyami.github.io/_posts/2025-07-22-built-with-amazon-q.md[0m
[33m                    [0m
                    ...done in 0.358123 seconds.
                    
      Regenerating: 2 file(s) changed at 2025-08-05 13:33:02
                    projects.md
                    jekyll.log
       Jekyll Feed: Generating feed for posts
[33m          Conflict: The following destination is shared by multiple files.[0m
[33m                    The written file may end up with unexpected contents.[0m
[33m                    [36m/Users/ekhiyami/ekhiyami.github.io/_site/built-with-amazon-q/index.html[0m[0m
[33m                     - built-with-amazon-q/index.html[0m
[33m                     - /Users/ekhiyami/ekhiyami.github.io/_posts/2025-07-22-built-with-amazon-q.md[0m
[33m                    [0m
                    ...done in 0.30791 seconds.
                    
      Regenerating: 2 file(s) changed at 2025-08-05 13:33:12
                    mentoring.md
                    jekyll.log
       Jekyll Feed: Generating feed for posts
[33m          Conflict: The following destination is shared by multiple files.[0m
[33m                    The written file may end up with unexpected contents.[0m
[33m                    [36m/Users/ekhiyami/ekhiyami.github.io/_site/built-with-amazon-q/index.html[0m[0m
[33m                     - built-with-amazon-q/index.html[0m
[33m                     - /Users/ekhiyami/ekhiyami.github.io/_posts/2025-07-22-built-with-amazon-q.md[0m
[33m                    [0m
                    ...done in 0.363897 seconds.
                    
      Regenerating: 2 file(s) changed at 2025-08-05 13:36:17
                    projects.md
                    jekyll.log
       Jekyll Feed: Generating feed for posts
[33m          Conflict: The following destination is shared by multiple files.[0m
[33m                    The written file may end up with unexpected contents.[0m
[33m                    [36m/Users/ekhiyami/ekhiyami.github.io/_site/built-with-amazon-q/index.html[0m[0m
[33m                     - built-with-amazon-q/index.html[0m
[33m                     - /Users/ekhiyami/ekhiyami.github.io/_posts/2025-07-22-built-with-amazon-q.md[0m
[33m                    [0m
                    ...done in 0.464951 seconds.
                    
      Regenerating: 2 file(s) changed at 2025-08-05 13:37:11
                    mentoring.md
                    jekyll.log
       Jekyll Feed: Generating feed for posts
[33m          Conflict: The following destination is shared by multiple files.[0m
[33m                    The written file may end up with unexpected contents.[0m
[33m                    [36m/Users/ekhiyami/ekhiyami.github.io/_site/built-with-amazon-q/index.html[0m[0m
[33m                     - built-with-amazon-q/index.html[0m
[33m                     - /Users/ekhiyami/ekhiyami.github.io/_posts/2025-07-22-built-with-amazon-q.md[0m
[33m                    [0m
                    ...done in 0.397829 seconds.
                    
      Regenerating: 2 file(s) changed at 2025-08-05 13:37:20
                    mentoring.md
                    jekyll.log
       Jekyll Feed: Generating feed for posts
[33m          Conflict: The following destination is shared by multiple files.[0m
[33m                    The written file may end up with unexpected contents.[0m
[33m                    [36m/Users/ekhiyami/ekhiyami.github.io/_site/built-with-amazon-q/index.html[0m[0m
[33m                     - built-with-amazon-q/index.html[0m
[33m                     - /Users/ekhiyami/ekhiyami.github.io/_posts/2025-07-22-built-with-amazon-q.md[0m
[33m                    [0m
                    ...done in 0.31681 seconds.
                    
      Regenerating: 2 file(s) changed at 2025-08-05 13:38:14
                    mentoring.md
                    jekyll.log
       Jekyll Feed: Generating feed for posts
[33m          Conflict: The following destination is shared by multiple files.[0m
[33m                    The written file may end up with unexpected contents.[0m
[33m                    [36m/Users/ekhiyami/ekhiyami.github.io/_site/built-with-amazon-q/index.html[0m[0m
[33m                     - built-with-amazon-q/index.html[0m
[33m                     - /Users/ekhiyami/ekhiyami.github.io/_posts/2025-07-22-built-with-amazon-q.md[0m
[33m                    [0m
                    ...done in 0.347658 seconds.
                    
      Regenerating: 2 file(s) changed at 2025-08-05 13:38:24
                    mentoring.md
                    jekyll.log
       Jekyll Feed: Generating feed for posts
[33m          Conflict: The following destination is shared by multiple files.[0m
[33m                    The written file may end up with unexpected contents.[0m
[33m                    [36m/Users/ekhiyami/ekhiyami.github.io/_site/built-with-amazon-q/index.html[0m[0m
[33m                     - built-with-amazon-q/index.html[0m
[33m                     - /Users/ekhiyami/ekhiyami.github.io/_posts/2025-07-22-built-with-amazon-q.md[0m
[33m                    [0m
                    ...done in 0.315094 seconds.
                    
      Regenerating: 2 file(s) changed at 2025-08-05 13:39:50
                    mentoring.md
                    jekyll.log
       Jekyll Feed: Generating feed for posts
[33m          Conflict: The following destination is shared by multiple files.[0m
[33m                    The written file may end up with unexpected contents.[0m
[33m                    [36m/Users/ekhiyami/ekhiyami.github.io/_site/built-with-amazon-q/index.html[0m[0m
[33m                     - built-with-amazon-q/index.html[0m
[33m                     - /Users/ekhiyami/ekhiyami.github.io/_posts/2025-07-22-built-with-amazon-q.md[0m
[33m                    [0m
                    ...done in 0.559914 seconds.
                    
      Regenerating: 2 file(s) changed at 2025-08-05 13:41:33
                    mentoring.md
                    jekyll.log
       Jekyll Feed: Generating feed for posts
[33m          Conflict: The following destination is shared by multiple files.[0m
[33m                    The written file may end up with unexpected contents.[0m
[33m                    [36m/Users/ekhiyami/ekhiyami.github.io/_site/built-with-amazon-q/index.html[0m[0m
[33m                     - built-with-amazon-q/index.html[0m
[33m                     - /Users/ekhiyami/ekhiyami.github.io/_posts/2025-07-22-built-with-amazon-q.md[0m
[33m                    [0m
                    ...done in 0.407034 seconds.
                    
      Regenerating: 2 file(s) changed at 2025-08-05 13:41:48
                    index.html
                    jekyll.log
       Jekyll Feed: Generating feed for posts
[33m          Conflict: The following destination is shared by multiple files.[0m
[33m                    The written file may end up with unexpected contents.[0m
[33m                    [36m/Users/ekhiyami/ekhiyami.github.io/_site/built-with-amazon-q/index.html[0m[0m
[33m                     - built-with-amazon-q/index.html[0m
[33m                     - /Users/ekhiyami/ekhiyami.github.io/_posts/2025-07-22-built-with-amazon-q.md[0m
[33m                    [0m
                    ...done in 0.418041 seconds.
                    
      Regenerating: 2 file(s) changed at 2025-08-05 13:42:42
                    index.html
                    jekyll.log
       Jekyll Feed: Generating feed for posts
[33m          Conflict: The following destination is shared by multiple files.[0m
[33m                    The written file may end up with unexpected contents.[0m
[33m                    [36m/Users/ekhiyami/ekhiyami.github.io/_site/built-with-amazon-q/index.html[0m[0m
[33m                     - built-with-amazon-q/index.html[0m
[33m                     - /Users/ekhiyami/ekhiyami.github.io/_posts/2025-07-22-built-with-amazon-q.md[0m
[33m                    [0m
                    ...done in 0.428558 seconds.
                    
      Regenerating: 2 file(s) changed at 2025-08-05 13:42:57
                    index.html
                    jekyll.log
       Jekyll Feed: Generating feed for posts
[33m          Conflict: The following destination is shared by multiple files.[0m
[33m                    The written file may end up with unexpected contents.[0m
[33m                    [36m/Users/ekhiyami/ekhiyami.github.io/_site/built-with-amazon-q/index.html[0m[0m
[33m                     - built-with-amazon-q/index.html[0m
[33m                     - /Users/ekhiyami/ekhiyami.github.io/_posts/2025-07-22-built-with-amazon-q.md[0m
[33m                    [0m
                    ...done in 0.390208 seconds.
                    
      Regenerating: 2 file(s) changed at 2025-08-05 13:45:35
                    README.md
                    jekyll.log
       Jekyll Feed: Generating feed for posts
[33m          Conflict: The following destination is shared by multiple files.[0m
[33m                    The written file may end up with unexpected contents.[0m
[33m                    [36m/Users/ekhiyami/ekhiyami.github.io/_site/built-with-amazon-q/index.html[0m[0m
[33m                     - built-with-amazon-q/index.html[0m
[33m                     - /Users/ekhiyami/ekhiyami.github.io/_posts/2025-07-22-built-with-amazon-q.md[0m
[33m                    [0m
                    ...done in 0.45063 seconds.
                    
      Regenerating: 2 file(s) changed at 2025-08-05 13:46:15
                    README.md
                    jekyll.log
       Jekyll Feed: Generating feed for posts
[33m          Conflict: The following destination is shared by multiple files.[0m
[33m                    The written file may end up with unexpected contents.[0m
[33m                    [36m/Users/ekhiyami/ekhiyami.github.io/_site/built-with-amazon-q/index.html[0m[0m
[33m                     - built-with-amazon-q/index.html[0m
[33m                     - /Users/ekhiyami/ekhiyami.github.io/_posts/2025-07-22-built-with-amazon-q.md[0m
[33m                    [0m
                    ...done in 0.344757 seconds.
                    
      Regenerating: 2 file(s) changed at 2025-08-05 13:47:07
                    README.md
                    jekyll.log
       Jekyll Feed: Generating feed for posts
[33m          Conflict: The following destination is shared by multiple files.[0m
[33m                    The written file may end up with unexpected contents.[0m
[33m                    [36m/Users/ekhiyami/ekhiyami.github.io/_site/built-with-amazon-q/index.html[0m[0m
[33m                     - built-with-amazon-q/index.html[0m
[33m                     - /Users/ekhiyami/ekhiyami.github.io/_posts/2025-07-22-built-with-amazon-q.md[0m
[33m                    [0m
                    ...done in 0.344546 seconds.
                    
      Regenerating: 2 file(s) changed at 2025-08-05 13:47:30
                    README.md
                    jekyll.log
       Jekyll Feed: Generating feed for posts
[33m          Conflict: The following destination is shared by multiple files.[0m
[33m                    The written file may end up with unexpected contents.[0m
[33m                    [36m/Users/ekhiyami/ekhiyami.github.io/_site/built-with-amazon-q/index.html[0m[0m
[33m                     - built-with-amazon-q/index.html[0m
[33m                     - /Users/ekhiyami/ekhiyami.github.io/_posts/2025-07-22-built-with-amazon-q.md[0m
[33m                    [0m
                    ...done in 0.384255 seconds.
                    
      Regenerating: 2 file(s) changed at 2025-08-05 13:47:36
                    README.md
                    jekyll.log
       Jekyll Feed: Generating feed for posts
[33m          Conflict: The following destination is shared by multiple files.[0m
[33m                    The written file may end up with unexpected contents.[0m
[33m                    [36m/Users/ekhiyami/ekhiyami.github.io/_site/built-with-amazon-q/index.html[0m[0m
[33m                     - built-with-amazon-q/index.html[0m
[33m                     - /Users/ekhiyami/ekhiyami.github.io/_posts/2025-07-22-built-with-amazon-q.md[0m
[33m                    [0m
                    ...done in 0.328452 seconds.
                    
      Regenerating: 2 file(s) changed at 2025-08-05 13:47:42
                    README.md
                    jekyll.log
       Jekyll Feed: Generating feed for posts
[33m          Conflict: The following destination is shared by multiple files.[0m
[33m                    The written file may end up with unexpected contents.[0m
[33m                    [36m/Users/ekhiyami/ekhiyami.github.io/_site/built-with-amazon-q/index.html[0m[0m
[33m                     - built-with-amazon-q/index.html[0m
[33m                     - /Users/ekhiyami/ekhiyami.github.io/_posts/2025-07-22-built-with-amazon-q.md[0m
[33m                    [0m
                    ...done in 0.355997 seconds.
                    
      Regenerating: 2 file(s) changed at 2025-08-05 13:47:45
                    README.md
                    jekyll.log
       Jekyll Feed: Generating feed for posts
[33m          Conflict: The following destination is shared by multiple files.[0m
[33m                    The written file may end up with unexpected contents.[0m
[33m                    [36m/Users/ekhiyami/ekhiyami.github.io/_site/built-with-amazon-q/index.html[0m[0m
[33m                     - built-with-amazon-q/index.html[0m
[33m                     - /Users/ekhiyami/ekhiyami.github.io/_posts/2025-07-22-built-with-amazon-q.md[0m
[33m                    [0m
                    ...done in 0.327121 seconds.
                    
      Regenerating: 2 file(s) changed at 2025-08-05 13:48:06
                    README.md
                    jekyll.log
       Jekyll Feed: Generating feed for posts
[33m          Conflict: The following destination is shared by multiple files.[0m
[33m                    The written file may end up with unexpected contents.[0m
[33m                    [36m/Users/ekhiyami/ekhiyami.github.io/_site/built-with-amazon-q/index.html[0m[0m
[33m                     - built-with-amazon-q/index.html[0m
[33m                     - /Users/ekhiyami/ekhiyami.github.io/_posts/2025-07-22-built-with-amazon-q.md[0m
[33m                    [0m
                    ...done in 0.407302 seconds.
                    
      Regenerating: 2 file(s) changed at 2025-08-05 13:48:17
                    README.md
                    jekyll.log
       Jekyll Feed: Generating feed for posts
[33m          Conflict: The following destination is shared by multiple files.[0m
[33m                    The written file may end up with unexpected contents.[0m
[33m                    [36m/Users/ekhiyami/ekhiyami.github.io/_site/built-with-amazon-q/index.html[0m[0m
[33m                     - built-with-amazon-q/index.html[0m
[33m                     - /Users/ekhiyami/ekhiyami.github.io/_posts/2025-07-22-built-with-amazon-q.md[0m
[33m                    [0m
                    ...done in 0.323285 seconds.
                    
      Regenerating: 2 file(s) changed at 2025-08-05 13:52:54
                    README.md
                    jekyll.log
       Jekyll Feed: Generating feed for posts
[33m          Conflict: The following destination is shared by multiple files.[0m
[33m                    The written file may end up with unexpected contents.[0m
[33m                    [36m/Users/ekhiyami/ekhiyami.github.io/_site/built-with-amazon-q/index.html[0m[0m
[33m                     - built-with-amazon-q/index.html[0m
[33m                     - /Users/ekhiyami/ekhiyami.github.io/_posts/2025-07-22-built-with-amazon-q.md[0m
[33m                    [0m
                    ...done in 0.396408 seconds.
                    
      Regenerating: 2 file(s) changed at 2025-08-05 13:53:06
                    README.md
                    jekyll.log
       Jekyll Feed: Generating feed for posts
[33m          Conflict: The following destination is shared by multiple files.[0m
[33m                    The written file may end up with unexpected contents.[0m
[33m                    [36m/Users/ekhiyami/ekhiyami.github.io/_site/built-with-amazon-q/index.html[0m[0m
[33m                     - built-with-amazon-q/index.html[0m
[33m                     - /Users/ekhiyami/ekhiyami.github.io/_posts/2025-07-22-built-with-amazon-q.md[0m
[33m                    [0m
                    ...done in 0.460655 seconds.
                    
      Regenerating: 2 file(s) changed at 2025-08-05 13:53:10
                    README.md
                    jekyll.log
       Jekyll Feed: Generating feed for posts
[33m          Conflict: The following destination is shared by multiple files.[0m
[33m                    The written file may end up with unexpected contents.[0m
[33m                    [36m/Users/ekhiyami/ekhiyami.github.io/_site/built-with-amazon-q/index.html[0m[0m
[33m                     - built-with-amazon-q/index.html[0m
[33m                     - /Users/ekhiyami/ekhiyami.github.io/_posts/2025-07-22-built-with-amazon-q.md[0m
[33m                    [0m
                    ...done in 0.569365 seconds.
                    
      Regenerating: 2 file(s) changed at 2025-08-05 13:53:15
                    README.md
                    jekyll.log
       Jekyll Feed: Generating feed for posts
[33m          Conflict: The following destination is shared by multiple files.[0m
[33m                    The written file may end up with unexpected contents.[0m
[33m                    [36m/Users/ekhiyami/ekhiyami.github.io/_site/built-with-amazon-q/index.html[0m[0m
[33m                     - built-with-amazon-q/index.html[0m
[33m                     - /Users/ekhiyami/ekhiyami.github.io/_posts/2025-07-22-built-with-amazon-q.md[0m
[33m                    [0m
                    ...done in 0.342927 seconds.
                    
      Regenerating: 2 file(s) changed at 2025-08-05 13:53:22
                    README.md
                    jekyll.log
       Jekyll Feed: Generating feed for posts
[33m          Conflict: The following destination is shared by multiple files.[0m
[33m                    The written file may end up with unexpected contents.[0m
[33m                    [36m/Users/ekhiyami/ekhiyami.github.io/_site/built-with-amazon-q/index.html[0m[0m
[33m                     - built-with-amazon-q/index.html[0m
[33m                     - /Users/ekhiyami/ekhiyami.github.io/_posts/2025-07-22-built-with-amazon-q.md[0m
[33m                    [0m
                    ...done in 0.240926 seconds.
                    
      Regenerating: 2 file(s) changed at 2025-08-05 13:53:25
                    README.md
                    jekyll.log
       Jekyll Feed: Generating feed for posts
[33m          Conflict: The following destination is shared by multiple files.[0m
[33m                    The written file may end up with unexpected contents.[0m
[33m                    [36m/Users/ekhiyami/ekhiyami.github.io/_site/built-with-amazon-q/index.html[0m[0m
[33m                     - built-with-amazon-q/index.html[0m
[33m                     - /Users/ekhiyami/ekhiyami.github.io/_posts/2025-07-22-built-with-amazon-q.md[0m
[33m                    [0m
                    ...done in 0.281112 seconds.
                    
      Regenerating: 2 file(s) changed at 2025-08-05 13:53:29
                    README.md
                    jekyll.log
       Jekyll Feed: Generating feed for posts
[33m          Conflict: The following destination is shared by multiple files.[0m
[33m                    The written file may end up with unexpected contents.[0m
[33m                    [36m/Users/ekhiyami/ekhiyami.github.io/_site/built-with-amazon-q/index.html[0m[0m
[33m                     - built-with-amazon-q/index.html[0m
[33m                     - /Users/ekhiyami/ekhiyami.github.io/_posts/2025-07-22-built-with-amazon-q.md[0m
[33m                    [0m
                    ...done in 0.333007 seconds.
                    
      Regenerating: 2 file(s) changed at 2025-08-05 13:54:59
                    README.md
                    jekyll.log
       Jekyll Feed: Generating feed for posts
[33m          Conflict: The following destination is shared by multiple files.[0m
[33m                    The written file may end up with unexpected contents.[0m
[33m                    [36m/Users/ekhiyami/ekhiyami.github.io/_site/built-with-amazon-q/index.html[0m[0m
[33m                     - built-with-amazon-q/index.html[0m
[33m                     - /Users/ekhiyami/ekhiyami.github.io/_posts/2025-07-22-built-with-amazon-q.md[0m
[33m                    [0m
                    ...done in 0.351911 seconds.
                    
      Regenerating: 2 file(s) changed at 2025-08-05 13:56:21
                    README.md
                    jekyll.log
       Jekyll Feed: Generating feed for posts
[33m          Conflict: The following destination is shared by multiple files.[0m
[33m                    The written file may end up with unexpected contents.[0m
[33m                    [36m/Users/ekhiyami/ekhiyami.github.io/_site/built-with-amazon-q/index.html[0m[0m
[33m                     - built-with-amazon-q/index.html[0m
[33m                     - /Users/ekhiyami/ekhiyami.github.io/_posts/2025-07-22-built-with-amazon-q.md[0m
[33m                    [0m
                    ...done in 0.355248 seconds.
                    
      Regenerating: 2 file(s) changed at 2025-08-05 13:57:53
                    README.md
                    jekyll.log
       Jekyll Feed: Generating feed for posts
[33m          Conflict: The following destination is shared by multiple files.[0m
[33m                    The written file may end up with unexpected contents.[0m
[33m                    [36m/Users/ekhiyami/ekhiyami.github.io/_site/built-with-amazon-q/index.html[0m[0m
[33m                     - built-with-amazon-q/index.html[0m
[33m                     - /Users/ekhiyami/ekhiyami.github.io/_posts/2025-07-22-built-with-amazon-q.md[0m
[33m                    [0m
                    ...done in 0.405107 seconds.
                    
      Regenerating: 2 file(s) changed at 2025-08-05 14:00:13
                    README.md
                    jekyll.log
       Jekyll Feed: Generating feed for posts
[33m          Conflict: The following destination is shared by multiple files.[0m
[33m                    The written file may end up with unexpected contents.[0m
[33m                    [36m/Users/ekhiyami/ekhiyami.github.io/_site/built-with-amazon-q/index.html[0m[0m
[33m                     - built-with-amazon-q/index.html[0m
[33m                     - /Users/ekhiyami/ekhiyami.github.io/_posts/2025-07-22-built-with-amazon-q.md[0m
[33m                    [0m
                    ...done in 0.418896 seconds.
                    
      Regenerating: 2 file(s) changed at 2025-08-05 14:01:00
                    projects.md
                    jekyll.log
       Jekyll Feed: Generating feed for posts
[33m          Conflict: The following destination is shared by multiple files.[0m
[33m                    The written file may end up with unexpected contents.[0m
[33m                    [36m/Users/ekhiyami/ekhiyami.github.io/_site/built-with-amazon-q/index.html[0m[0m
[33m                     - built-with-amazon-q/index.html[0m
[33m                     - /Users/ekhiyami/ekhiyami.github.io/_posts/2025-07-22-built-with-amazon-q.md[0m
[33m                    [0m
                    ...done in 0.433735 seconds.
                    
      Regenerating: 2 file(s) changed at 2025-08-05 14:01:07
                    projects.md
                    jekyll.log
       Jekyll Feed: Generating feed for posts
[33m          Conflict: The following destination is shared by multiple files.[0m
[33m                    The written file may end up with unexpected contents.[0m
[33m                    [36m/Users/ekhiyami/ekhiyami.github.io/_site/built-with-amazon-q/index.html[0m[0m
[33m                     - built-with-amazon-q/index.html[0m
[33m                     - /Users/ekhiyami/ekhiyami.github.io/_posts/2025-07-22-built-with-amazon-q.md[0m
[33m                    [0m
                    ...done in 0.409683 seconds.
                    
      Regenerating: 2 file(s) changed at 2025-08-05 14:02:35
                    projects.md
                    jekyll.log
       Jekyll Feed: Generating feed for posts
[33m          Conflict: The following destination is shared by multiple files.[0m
[33m                    The written file may end up with unexpected contents.[0m
[33m                    [36m/Users/ekhiyami/ekhiyami.github.io/_site/built-with-amazon-q/index.html[0m[0m
[33m                     - built-with-amazon-q/index.html[0m
[33m                     - /Users/ekhiyami/ekhiyami.github.io/_posts/2025-07-22-built-with-amazon-q.md[0m
[33m                    [0m
                    ...done in 0.366323 seconds.
                    
      Regenerating: 2 file(s) changed at 2025-08-05 14:03:51
                    projects.md
                    jekyll.log
       Jekyll Feed: Generating feed for posts
[33m          Conflict: The following destination is shared by multiple files.[0m
[33m                    The written file may end up with unexpected contents.[0m
[33m                    [36m/Users/ekhiyami/ekhiyami.github.io/_site/built-with-amazon-q/index.html[0m[0m
[33m                     - built-with-amazon-q/index.html[0m
[33m                     - /Users/ekhiyami/ekhiyami.github.io/_posts/2025-07-22-built-with-amazon-q.md[0m
[33m                    [0m
                    ...done in 0.489418 seconds.
                    
      Regenerating: 2 file(s) changed at 2025-08-05 14:05:38
                    mentoring.md
                    jekyll.log
       Jekyll Feed: Generating feed for posts
[33m          Conflict: The following destination is shared by multiple files.[0m
[33m                    The written file may end up with unexpected contents.[0m
[33m                    [36m/Users/ekhiyami/ekhiyami.github.io/_site/built-with-amazon-q/index.html[0m[0m
[33m                     - built-with-amazon-q/index.html[0m
[33m                     - /Users/ekhiyami/ekhiyami.github.io/_posts/2025-07-22-built-with-amazon-q.md[0m
[33m                    [0m
                    ...done in 0.430632 seconds.
                    
      Regenerating: 2 file(s) changed at 2025-08-05 14:05:50
                    mentoring.md
                    jekyll.log
       Jekyll Feed: Generating feed for posts
[33m          Conflict: The following destination is shared by multiple files.[0m
[33m                    The written file may end up with unexpected contents.[0m
[33m                    [36m/Users/ekhiyami/ekhiyami.github.io/_site/built-with-amazon-q/index.html[0m[0m
[33m                     - built-with-amazon-q/index.html[0m
[33m                     - /Users/ekhiyami/ekhiyami.github.io/_posts/2025-07-22-built-with-amazon-q.md[0m
[33m                    [0m
                    ...done in 0.342422 seconds.
                    
      Regenerating: 1 file(s) changed at 2025-08-05 14:08:39
                    mentoring.md
       Jekyll Feed: Generating feed for posts
[33m          Conflict: The following destination is shared by multiple files.[0m
[33m                    The written file may end up with unexpected contents.[0m
[33m                    [36m/Users/ekhiyami/ekhiyami.github.io/_site/built-with-amazon-q/index.html[0m[0m
[33m                     - built-with-amazon-q/index.html[0m
[33m                     - /Users/ekhiyami/ekhiyami.github.io/_posts/2025-07-22-built-with-amazon-q.md[0m
[33m                    [0m
                    ...done in 0.72972 seconds.
                    
      Regenerating: 1 file(s) changed at 2025-08-05 14:08:40
                    jekyll.log
       Jekyll Feed: Generating feed for posts
[33m          Conflict: The following destination is shared by multiple files.[0m
[33m                    The written file may end up with unexpected contents.[0m
[33m                    [36m/Users/ekhiyami/ekhiyami.github.io/_site/built-with-amazon-q/index.html[0m[0m
[33m                     - built-with-amazon-q/index.html[0m
[33m                     - /Users/ekhiyami/ekhiyami.github.io/_posts/2025-07-22-built-with-amazon-q.md[0m
[33m                    [0m
                    ...done in 0.988237 seconds.
                    
      Regenerating: 2 file(s) changed at 2025-08-05 14:12:58
                    jekyll.log
                    mentoring_fixed.md
       Jekyll Feed: Generating feed for posts
[33m          Conflict: The following destination is shared by multiple files.[0m
[33m                    The written file may end up with unexpected contents.[0m
[33m                    [36m/Users/ekhiyami/ekhiyami.github.io/_site/built-with-amazon-q/index.html[0m[0m
[33m                     - built-with-amazon-q/index.html[0m
[33m                     - /Users/ekhiyami/ekhiyami.github.io/_posts/2025-07-22-built-with-amazon-q.md[0m
[33m                    [0m
[33m          Conflict: The following destination is shared by multiple files.[0m
[33m                    The written file may end up with unexpected contents.[0m
[33m                    [36m/Users/ekhiyami/ekhiyami.github.io/_site/mentoring/index.html[0m[0m
[33m                     - mentoring.md[0m
[33m                     - mentoring_fixed.md[0m
[33m                    [0m
                    ...done in 0.414753 seconds.
                    
      Regenerating: 3 file(s) changed at 2025-08-05 14:13:08
                    mentoring.md
                    jekyll.log
                    mentoring_fixed.md
       Jekyll Feed: Generating feed for posts
[33m          Conflict: The following destination is shared by multiple files.[0m
[33m                    The written file may end up with unexpected contents.[0m
[33m                    [36m/Users/ekhiyami/ekhiyami.github.io/_site/built-with-amazon-q/index.html[0m[0m
[33m                     - built-with-amazon-q/index.html[0m
[33m                     - /Users/ekhiyami/ekhiyami.github.io/_posts/2025-07-22-built-with-amazon-q.md[0m
[33m                    [0m
                    ...done in 0.420088 seconds.
                    
      Regenerating: 2 file(s) changed at 2025-08-05 14:15:46
                    mentoring.md
                    jekyll.log
       Jekyll Feed: Generating feed for posts
[33m          Conflict: The following destination is shared by multiple files.[0m
[33m                    The written file may end up with unexpected contents.[0m
[33m                    [36m/Users/ekhiyami/ekhiyami.github.io/_site/built-with-amazon-q/index.html[0m[0m
[33m                     - built-with-amazon-q/index.html[0m
[33m                     - /Users/ekhiyami/ekhiyami.github.io/_posts/2025-07-22-built-with-amazon-q.md[0m
[33m                    [0m
                    ...done in 0.337921 seconds.
                    
      Regenerating: 2 file(s) changed at 2025-08-05 14:27:17
                    mentoring.md
                    jekyll.log
       Jekyll Feed: Generating feed for posts
[33m          Conflict: The following destination is shared by multiple files.[0m
[33m                    The written file may end up with unexpected contents.[0m
[33m                    [36m/Users/ekhiyami/ekhiyami.github.io/_site/built-with-amazon-q/index.html[0m[0m
[33m                     - built-with-amazon-q/index.html[0m
[33m                     - /Users/ekhiyami/ekhiyami.github.io/_posts/2025-07-22-built-with-amazon-q.md[0m
[33m                    [0m
                    ...done in 0.624363 seconds.
                    
      Regenerating: 2 file(s) changed at 2025-08-05 14:31:18
                    index.html
                    jekyll.log
       Jekyll Feed: Generating feed for posts
[33m          Conflict: The following destination is shared by multiple files.[0m
[33m                    The written file may end up with unexpected contents.[0m
[33m                    [36m/Users/ekhiyami/ekhiyami.github.io/_site/built-with-amazon-q/index.html[0m[0m
[33m                     - built-with-amazon-q/index.html[0m
[33m                     - /Users/ekhiyami/ekhiyami.github.io/_posts/2025-07-22-built-with-amazon-q.md[0m
[33m                    [0m
                    ...done in 0.449007 seconds.
                    
      Regenerating: 2 file(s) changed at 2025-08-05 14:32:08
                    index.html
                    jekyll.log
       Jekyll Feed: Generating feed for posts
[33m          Conflict: The following destination is shared by multiple files.[0m
[33m                    The written file may end up with unexpected contents.[0m
[33m                    [36m/Users/ekhiyami/ekhiyami.github.io/_site/built-with-amazon-q/index.html[0m[0m
[33m                     - built-with-amazon-q/index.html[0m
[33m                     - /Users/ekhiyami/ekhiyami.github.io/_posts/2025-07-22-built-with-amazon-q.md[0m
[33m                    [0m
                    ...done in 0.552159 seconds.
                    
      Regenerating: 2 file(s) changed at 2025-08-05 14:32:13
                    README.md
                    jekyll.log
       Jekyll Feed: Generating feed for posts
[33m          Conflict: The following destination is shared by multiple files.[0m
[33m                    The written file may end up with unexpected contents.[0m
[33m                    [36m/Users/ekhiyami/ekhiyami.github.io/_site/built-with-amazon-q/index.html[0m[0m
[33m                     - built-with-amazon-q/index.html[0m
[33m                     - /Users/ekhiyami/ekhiyami.github.io/_posts/2025-07-22-built-with-amazon-q.md[0m
[33m                    [0m
                    ...done in 0.380232 seconds.
                    
      Regenerating: 2 file(s) changed at 2025-08-05 14:32:19
                    projects.md
                    jekyll.log
       Jekyll Feed: Generating feed for posts
[33m          Conflict: The following destination is shared by multiple files.[0m
[33m                    The written file may end up with unexpected contents.[0m
[33m                    [36m/Users/ekhiyami/ekhiyami.github.io/_site/built-with-amazon-q/index.html[0m[0m
[33m                     - built-with-amazon-q/index.html[0m
[33m                     - /Users/ekhiyami/ekhiyami.github.io/_posts/2025-07-22-built-with-amazon-q.md[0m
[33m                    [0m
                    ...done in 0.340057 seconds.
                    
      Regenerating: 2 file(s) changed at 2025-08-05 14:32:25
                    mentoring.md
                    jekyll.log
       Jekyll Feed: Generating feed for posts
[33m          Conflict: The following destination is shared by multiple files.[0m
[33m                    The written file may end up with unexpected contents.[0m
[33m                    [36m/Users/ekhiyami/ekhiyami.github.io/_site/built-with-amazon-q/index.html[0m[0m
[33m                     - built-with-amazon-q/index.html[0m
[33m                     - /Users/ekhiyami/ekhiyami.github.io/_posts/2025-07-22-built-with-amazon-q.md[0m
[33m                    [0m
                    ...done in 0.36609 seconds.
                    
      Regenerating: 1 file(s) changed at 2025-08-05 14:36:10
                    _layouts/default.html
       Jekyll Feed: Generating feed for posts
[33m          Conflict: The following destination is shared by multiple files.[0m
[33m                    The written file may end up with unexpected contents.[0m
[33m                    [36m/Users/ekhiyami/ekhiyami.github.io/_site/built-with-amazon-q/index.html[0m[0m
[33m                     - built-with-amazon-q/index.html[0m
[33m                     - /Users/ekhiyami/ekhiyami.github.io/_posts/2025-07-22-built-with-amazon-q.md[0m
[33m                    [0m
                    ...done in 0.722441 seconds.
                    
      Regenerating: 2 file(s) changed at 2025-08-05 14:36:21
                    index.html
                    jekyll.log
       Jekyll Feed: Generating feed for posts
[33m          Conflict: The following destination is shared by multiple files.[0m
[33m                    The written file may end up with unexpected contents.[0m
[33m                    [36m/Users/ekhiyami/ekhiyami.github.io/_site/built-with-amazon-q/index.html[0m[0m
[33m                     - built-with-amazon-q/index.html[0m
[33m                     - /Users/ekhiyami/ekhiyami.github.io/_posts/2025-07-22-built-with-amazon-q.md[0m
[33m                    [0m
                    ...done in 0.502384 seconds.
                    
      Regenerating: 2 file(s) changed at 2025-08-05 14:36:29
                    README.md
                    jekyll.log
       Jekyll Feed: Generating feed for posts
[33m          Conflict: The following destination is shared by multiple files.[0m
[33m                    The written file may end up with unexpected contents.[0m
[33m                    [36m/Users/ekhiyami/ekhiyami.github.io/_site/built-with-amazon-q/index.html[0m[0m
[33m                     - built-with-amazon-q/index.html[0m
[33m                     - /Users/ekhiyami/ekhiyami.github.io/_posts/2025-07-22-built-with-amazon-q.md[0m
[33m                    [0m
                    ...done in 0.37944 seconds.
                    
      Regenerating: 2 file(s) changed at 2025-08-05 14:36:37
                    projects.md
                    jekyll.log
       Jekyll Feed: Generating feed for posts
[33m          Conflict: The following destination is shared by multiple files.[0m
[33m                    The written file may end up with unexpected contents.[0m
[33m                    [36m/Users/ekhiyami/ekhiyami.github.io/_site/built-with-amazon-q/index.html[0m[0m
[33m                     - built-with-amazon-q/index.html[0m
[33m                     - /Users/ekhiyami/ekhiyami.github.io/_posts/2025-07-22-built-with-amazon-q.md[0m
[33m                    [0m
                    ...done in 0.313505 seconds.
                    
      Regenerating: 2 file(s) changed at 2025-08-05 14:36:45
                    mentoring.md
                    jekyll.log
       Jekyll Feed: Generating feed for posts
[33m          Conflict: The following destination is shared by multiple files.[0m
[33m                    The written file may end up with unexpected contents.[0m
[33m                    [36m/Users/ekhiyami/ekhiyami.github.io/_site/built-with-amazon-q/index.html[0m[0m
[33m                     - built-with-amazon-q/index.html[0m
[33m                     - /Users/ekhiyami/ekhiyami.github.io/_posts/2025-07-22-built-with-amazon-q.md[0m
[33m                    [0m
                    ...done in 0.36579 seconds.
                    
      Regenerating: 2 file(s) changed at 2025-08-05 19:58:56
                    index.html
                    jekyll.log
       Jekyll Feed: Generating feed for posts
[33m          Conflict: The following destination is shared by multiple files.[0m
[33m                    The written file may end up with unexpected contents.[0m
[33m                    [36m/Users/ekhiyami/ekhiyami.github.io/_site/built-with-amazon-q/index.html[0m[0m
[33m                     - built-with-amazon-q/index.html[0m
[33m                     - /Users/ekhiyami/ekhiyami.github.io/_posts/2025-07-22-built-with-amazon-q.md[0m
[33m                    [0m
                    ...done in 0.275772 seconds.
                    
      Regenerating: 2 file(s) changed at 2025-08-05 19:59:32
                    index.html
                    jekyll.log
       Jekyll Feed: Generating feed for posts
[33m          Conflict: The following destination is shared by multiple files.[0m
[33m                    The written file may end up with unexpected contents.[0m
[33m                    [36m/Users/ekhiyami/ekhiyami.github.io/_site/built-with-amazon-q/index.html[0m[0m
[33m                     - built-with-amazon-q/index.html[0m
[33m                     - /Users/ekhiyami/ekhiyami.github.io/_posts/2025-07-22-built-with-amazon-q.md[0m
[33m                    [0m
                    ...done in 0.353511 seconds.
                    
      Regenerating: 2 file(s) changed at 2025-08-05 20:00:38
                    index.html
                    jekyll.log
       Jekyll Feed: Generating feed for posts
[33m          Conflict: The following destination is shared by multiple files.[0m
[33m                    The written file may end up with unexpected contents.[0m
[33m                    [36m/Users/ekhiyami/ekhiyami.github.io/_site/built-with-amazon-q/index.html[0m[0m
[33m                     - built-with-amazon-q/index.html[0m
[33m                     - /Users/ekhiyami/ekhiyami.github.io/_posts/2025-07-22-built-with-amazon-q.md[0m
[33m                    [0m
                    ...done in 0.316073 seconds.
                    
      Regenerating: 2 file(s) changed at 2025-08-05 20:01:10
                    README.md
                    jekyll.log
       Jekyll Feed: Generating feed for posts
[33m          Conflict: The following destination is shared by multiple files.[0m
[33m                    The written file may end up with unexpected contents.[0m
[33m                    [36m/Users/ekhiyami/ekhiyami.github.io/_site/built-with-amazon-q/index.html[0m[0m
[33m                     - built-with-amazon-q/index.html[0m
[33m                     - /Users/ekhiyami/ekhiyami.github.io/_posts/2025-07-22-built-with-amazon-q.md[0m
[33m                    [0m
                    ...done in 0.465204 seconds.
                    
      Regenerating: 2 file(s) changed at 2025-08-05 20:01:26
                    projects.md
                    jekyll.log
       Jekyll Feed: Generating feed for posts
[33m          Conflict: The following destination is shared by multiple files.[0m
[33m                    The written file may end up with unexpected contents.[0m
[33m                    [36m/Users/ekhiyami/ekhiyami.github.io/_site/built-with-amazon-q/index.html[0m[0m
[33m                     - built-with-amazon-q/index.html[0m
[33m                     - /Users/ekhiyami/ekhiyami.github.io/_posts/2025-07-22-built-with-amazon-q.md[0m
[33m                    [0m
                    ...done in 0.442407 seconds.
                    
      Regenerating: 2 file(s) changed at 2025-08-05 20:01:40
                    mentoring.md
                    jekyll.log
       Jekyll Feed: Generating feed for posts
[33m          Conflict: The following destination is shared by multiple files.[0m
[33m                    The written file may end up with unexpected contents.[0m
[33m                    [36m/Users/ekhiyami/ekhiyami.github.io/_site/built-with-amazon-q/index.html[0m[0m
[33m                     - built-with-amazon-q/index.html[0m
[33m                     - /Users/ekhiyami/ekhiyami.github.io/_posts/2025-07-22-built-with-amazon-q.md[0m
[33m                    [0m
                    ...done in 0.312206 seconds.
                    
      Regenerating: 2 file(s) changed at 2025-08-05 20:04:06
                    index.html
                    jekyll.log
       Jekyll Feed: Generating feed for posts
[33m          Conflict: The following destination is shared by multiple files.[0m
[33m                    The written file may end up with unexpected contents.[0m
[33m                    [36m/Users/ekhiyami/ekhiyami.github.io/_site/built-with-amazon-q/index.html[0m[0m
[33m                     - built-with-amazon-q/index.html[0m
[33m                     - /Users/ekhiyami/ekhiyami.github.io/_posts/2025-07-22-built-with-amazon-q.md[0m
[33m                    [0m
                    ...done in 0.337036 seconds.
                    
      Regenerating: 2 file(s) changed at 2025-08-05 20:04:24
                    index.html
                    jekyll.log
       Jekyll Feed: Generating feed for posts
[33m          Conflict: The following destination is shared by multiple files.[0m
[33m                    The written file may end up with unexpected contents.[0m
[33m                    [36m/Users/ekhiyami/ekhiyami.github.io/_site/built-with-amazon-q/index.html[0m[0m
[33m                     - built-with-amazon-q/index.html[0m
[33m                     - /Users/ekhiyami/ekhiyami.github.io/_posts/2025-07-22-built-with-amazon-q.md[0m
[33m                    [0m
                    ...done in 0.346951 seconds.
                    
      Regenerating: 2 file(s) changed at 2025-08-05 20:05:20
                    index.html
                    jekyll.log
       Jekyll Feed: Generating feed for posts
[33m          Conflict: The following destination is shared by multiple files.[0m
[33m                    The written file may end up with unexpected contents.[0m
[33m                    [36m/Users/ekhiyami/ekhiyami.github.io/_site/built-with-amazon-q/index.html[0m[0m
[33m                     - built-with-amazon-q/index.html[0m
[33m                     - /Users/ekhiyami/ekhiyami.github.io/_posts/2025-07-22-built-with-amazon-q.md[0m
[33m                    [0m
                    ...done in 0.288421 seconds.
                    
      Regenerating: 2 file(s) changed at 2025-08-05 20:05:52
                    index.html
                    jekyll.log
       Jekyll Feed: Generating feed for posts
[33m          Conflict: The following destination is shared by multiple files.[0m
[33m                    The written file may end up with unexpected contents.[0m
[33m                    [36m/Users/ekhiyami/ekhiyami.github.io/_site/built-with-amazon-q/index.html[0m[0m
[33m                     - built-with-amazon-q/index.html[0m
[33m                     - /Users/ekhiyami/ekhiyami.github.io/_posts/2025-07-22-built-with-amazon-q.md[0m
[33m                    [0m
                    ...done in 0.356868 seconds.
                    
      Regenerating: 2 file(s) changed at 2025-08-05 20:07:39
                    README.md
                    jekyll.log
       Jekyll Feed: Generating feed for posts
[33m          Conflict: The following destination is shared by multiple files.[0m
[33m                    The written file may end up with unexpected contents.[0m
[33m                    [36m/Users/ekhiyami/ekhiyami.github.io/_site/built-with-amazon-q/index.html[0m[0m
[33m                     - built-with-amazon-q/index.html[0m
[33m                     - /Users/ekhiyami/ekhiyami.github.io/_posts/2025-07-22-built-with-amazon-q.md[0m
[33m                    [0m
                    ...done in 0.402275 seconds.
                    
      Regenerating: 2 file(s) changed at 2025-08-05 20:08:16
                    README.md
                    jekyll.log
       Jekyll Feed: Generating feed for posts
[33m          Conflict: The following destination is shared by multiple files.[0m
[33m                    The written file may end up with unexpected contents.[0m
[33m                    [36m/Users/ekhiyami/ekhiyami.github.io/_site/built-with-amazon-q/index.html[0m[0m
[33m                     - built-with-amazon-q/index.html[0m
[33m                     - /Users/ekhiyami/ekhiyami.github.io/_posts/2025-07-22-built-with-amazon-q.md[0m
[33m                    [0m
                    ...done in 0.327523 seconds.
                    
      Regenerating: 2 file(s) changed at 2025-08-05 20:10:14
                    README.md
                    jekyll.log
       Jekyll Feed: Generating feed for posts
[33m          Conflict: The following destination is shared by multiple files.[0m
[33m                    The written file may end up with unexpected contents.[0m
[33m                    [36m/Users/ekhiyami/ekhiyami.github.io/_site/built-with-amazon-q/index.html[0m[0m
[33m                     - built-with-amazon-q/index.html[0m
[33m                     - /Users/ekhiyami/ekhiyami.github.io/_posts/2025-07-22-built-with-amazon-q.md[0m
[33m                    [0m
                    ...done in 0.394777 seconds.
                    
      Regenerating: 1 file(s) changed at 2025-08-05 20:13:53
                    _posts/2025-6-15-automate-wa-review-q.md
       Jekyll Feed: Generating feed for posts
[33m          Conflict: The following destination is shared by multiple files.[0m
[33m                    The written file may end up with unexpected contents.[0m
[33m                    [36m/Users/ekhiyami/ekhiyami.github.io/_site/automate-wa-review-amazon-q/index.html[0m[0m
[33m                     - automate-wa-review-amazon-q.md[0m
[33m                     - /Users/ekhiyami/ekhiyami.github.io/_posts/2025-6-15-automate-wa-review-q.md[0m
[33m                    [0m
[33m          Conflict: The following destination is shared by multiple files.[0m
[33m                    The written file may end up with unexpected contents.[0m
[33m                    [36m/Users/ekhiyami/ekhiyami.github.io/_site/built-with-amazon-q/index.html[0m[0m
[33m                     - built-with-amazon-q/index.html[0m
[33m                     - /Users/ekhiyami/ekhiyami.github.io/_posts/2025-07-22-built-with-amazon-q.md[0m
[33m                    [0m
                    ...done in 0.426302 seconds.
                    
      Regenerating: 2 file(s) changed at 2025-08-05 20:14:00
                    projects.md
                    jekyll.log
       Jekyll Feed: Generating feed for posts
[33m          Conflict: The following destination is shared by multiple files.[0m
[33m                    The written file may end up with unexpected contents.[0m
[33m                    [36m/Users/ekhiyami/ekhiyami.github.io/_site/automate-wa-review-amazon-q/index.html[0m[0m
[33m                     - automate-wa-review-amazon-q.md[0m
[33m                     - /Users/ekhiyami/ekhiyami.github.io/_posts/2025-6-15-automate-wa-review-q.md[0m
[33m                    [0m
[33m          Conflict: The following destination is shared by multiple files.[0m
[33m                    The written file may end up with unexpected contents.[0m
[33m                    [36m/Users/ekhiyami/ekhiyami.github.io/_site/built-with-amazon-q/index.html[0m[0m
[33m                     - built-with-amazon-q/index.html[0m
[33m                     - /Users/ekhiyami/ekhiyami.github.io/_posts/2025-07-22-built-with-amazon-q.md[0m
[33m                    [0m
                    ...done in 0.330931 seconds.
                    
      Regenerating: 1 file(s) changed at 2025-08-05 20:16:19
                    _posts/2025-6-15-automate-wa-review-q.md
       Jekyll Feed: Generating feed for posts
[33m          Conflict: The following destination is shared by multiple files.[0m
[33m                    The written file may end up with unexpected contents.[0m
[33m                    [36m/Users/ekhiyami/ekhiyami.github.io/_site/automate-wa-review-amazon-q/index.html[0m[0m
[33m                     - automate-wa-review-amazon-q.md[0m
[33m                     - /Users/ekhiyami/ekhiyami.github.io/_posts/2025-6-15-automate-wa-review-q.md[0m
[33m                    [0m
[33m          Conflict: The following destination is shared by multiple files.[0m
[33m                    The written file may end up with unexpected contents.[0m
[33m                    [36m/Users/ekhiyami/ekhiyami.github.io/_site/built-with-amazon-q/index.html[0m[0m
[33m                     - built-with-amazon-q/index.html[0m
[33m                     - /Users/ekhiyami/ekhiyami.github.io/_posts/2025-07-22-built-with-amazon-q.md[0m
[33m                    [0m
                    ...done in 0.428846 seconds.
                    
      Regenerating: 1 file(s) changed at 2025-08-05 20:16:59
                    _posts/2025-6-15-automate-wa-review-q.md
       Jekyll Feed: Generating feed for posts
[33m          Conflict: The following destination is shared by multiple files.[0m
[33m                    The written file may end up with unexpected contents.[0m
[33m                    [36m/Users/ekhiyami/ekhiyami.github.io/_site/automate-wa-review-amazon-q/index.html[0m[0m
[33m                     - automate-wa-review-amazon-q.md[0m
[33m                     - /Users/ekhiyami/ekhiyami.github.io/_posts/2025-6-15-automate-wa-review-q.md[0m
[33m                    [0m
[33m          Conflict: The following destination is shared by multiple files.[0m
[33m                    The written file may end up with unexpected contents.[0m
[33m                    [36m/Users/ekhiyami/ekhiyami.github.io/_site/built-with-amazon-q/index.html[0m[0m
[33m                     - built-with-amazon-q/index.html[0m
[33m                     - /Users/ekhiyami/ekhiyami.github.io/_posts/2025-07-22-built-with-amazon-q.md[0m
[33m                    [0m
                    ...done in 0.342907 seconds.
                    
      Regenerating: 1 file(s) changed at 2025-08-05 20:25:44
                    index.html
       Jekyll Feed: Generating feed for posts
[33m          Conflict: The following destination is shared by multiple files.[0m
[33m                    The written file may end up with unexpected contents.[0m
[33m                    [36m/Users/ekhiyami/ekhiyami.github.io/_site/automate-wa-review-amazon-q/index.html[0m[0m
[33m                     - automate-wa-review-amazon-q.md[0m
[33m                     - /Users/ekhiyami/ekhiyami.github.io/_posts/2025-6-15-automate-wa-review-q.md[0m
[33m                    [0m
[33m          Conflict: The following destination is shared by multiple files.[0m
[33m                    The written file may end up with unexpected contents.[0m
[33m                    [36m/Users/ekhiyami/ekhiyami.github.io/_site/built-with-amazon-q/index.html[0m[0m
[33m                     - built-with-amazon-q/index.html[0m
[33m                     - /Users/ekhiyami/ekhiyami.github.io/_posts/2025-07-22-built-with-amazon-q.md[0m
[33m                    [0m
                    ...done in 0.455499 seconds.
                    
      Regenerating: 1 file(s) changed at 2025-08-05 20:25:45
                    jekyll.log
       Jekyll Feed: Generating feed for posts
[33m          Conflict: The following destination is shared by multiple files.[0m
[33m                    The written file may end up with unexpected contents.[0m
[33m                    [36m/Users/ekhiyami/ekhiyami.github.io/_site/automate-wa-review-amazon-q/index.html[0m[0m
[33m                     - automate-wa-review-amazon-q.md[0m
[33m                     - /Users/ekhiyami/ekhiyami.github.io/_posts/2025-6-15-automate-wa-review-q.md[0m
[33m                    [0m
[33m          Conflict: The following destination is shared by multiple files.[0m
[33m                    The written file may end up with unexpected contents.[0m
[33m                    [36m/Users/ekhiyami/ekhiyami.github.io/_site/built-with-amazon-q/index.html[0m[0m
[33m                     - built-with-amazon-q/index.html[0m
[33m                     - /Users/ekhiyami/ekhiyami.github.io/_posts/2025-07-22-built-with-amazon-q.md[0m
[33m                    [0m
                    ...done in 0.438061 seconds.
                    
      Regenerating: 1 file(s) changed at 2025-08-05 20:26:47
                    _posts/2024-10-23-wa-gen-ai.md
       Jekyll Feed: Generating feed for posts
[33m          Conflict: The following destination is shared by multiple files.[0m
[33m                    The written file may end up with unexpected contents.[0m
[33m                    [36m/Users/ekhiyami/ekhiyami.github.io/_site/automate-wa-review-amazon-q/index.html[0m[0m
[33m                     - automate-wa-review-amazon-q.md[0m
[33m                     - /Users/ekhiyami/ekhiyami.github.io/_posts/2025-6-15-automate-wa-review-q.md[0m
[33m                    [0m
[33m          Conflict: The following destination is shared by multiple files.[0m
[33m                    The written file may end up with unexpected contents.[0m
[33m                    [36m/Users/ekhiyami/ekhiyami.github.io/_site/built-with-amazon-q/index.html[0m[0m
[33m                     - built-with-amazon-q/index.html[0m
[33m                     - /Users/ekhiyami/ekhiyami.github.io/_posts/2025-07-22-built-with-amazon-q.md[0m
[33m                    [0m
                    ...done in 0.373043 seconds.
                    
      Regenerating: 2 file(s) changed at 2025-08-05 20:28:58
                    mentoring.md
                    jekyll.log
       Jekyll Feed: Generating feed for posts
[33m          Conflict: The following destination is shared by multiple files.[0m
[33m                    The written file may end up with unexpected contents.[0m
[33m                    [36m/Users/ekhiyami/ekhiyami.github.io/_site/automate-wa-review-amazon-q/index.html[0m[0m
[33m                     - automate-wa-review-amazon-q.md[0m
[33m                     - /Users/ekhiyami/ekhiyami.github.io/_posts/2025-6-15-automate-wa-review-q.md[0m
[33m                    [0m
[33m          Conflict: The following destination is shared by multiple files.[0m
[33m                    The written file may end up with unexpected contents.[0m
[33m                    [36m/Users/ekhiyami/ekhiyami.github.io/_site/built-with-amazon-q/index.html[0m[0m
[33m                     - built-with-amazon-q/index.html[0m
[33m                     - /Users/ekhiyami/ekhiyami.github.io/_posts/2025-07-22-built-with-amazon-q.md[0m
[33m                    [0m
                    ...done in 0.300972 seconds.
                    
      Regenerating: 2 file(s) changed at 2025-08-05 20:29:03
                    index.html
                    jekyll.log
       Jekyll Feed: Generating feed for posts
[33m          Conflict: The following destination is shared by multiple files.[0m
[33m                    The written file may end up with unexpected contents.[0m
[33m                    [36m/Users/ekhiyami/ekhiyami.github.io/_site/automate-wa-review-amazon-q/index.html[0m[0m
[33m                     - automate-wa-review-amazon-q.md[0m
[33m                     - /Users/ekhiyami/ekhiyami.github.io/_posts/2025-6-15-automate-wa-review-q.md[0m
[33m                    [0m
[33m          Conflict: The following destination is shared by multiple files.[0m
[33m                    The written file may end up with unexpected contents.[0m
[33m                    [36m/Users/ekhiyami/ekhiyami.github.io/_site/built-with-amazon-q/index.html[0m[0m
[33m                     - built-with-amazon-q/index.html[0m
[33m                     - /Users/ekhiyami/ekhiyami.github.io/_posts/2025-07-22-built-with-amazon-q.md[0m
[33m                    [0m
                    ...done in 0.605388 seconds.
                    
      Regenerating: 1 file(s) changed at 2025-08-06 07:57:38
                    index.html
       Jekyll Feed: Generating feed for posts
[33m          Conflict: The following destination is shared by multiple files.[0m
[33m                    The written file may end up with unexpected contents.[0m
[33m                    [36m/Users/ekhiyami/ekhiyami.github.io/_site/automate-wa-review-amazon-q/index.html[0m[0m
[33m                     - automate-wa-review-amazon-q.md[0m
[33m                     - /Users/ekhiyami/ekhiyami.github.io/_posts/2025-6-15-automate-wa-review-q.md[0m
[33m                    [0m
[33m          Conflict: The following destination is shared by multiple files.[0m
[33m                    The written file may end up with unexpected contents.[0m
[33m                    [36m/Users/ekhiyami/ekhiyami.github.io/_site/built-with-amazon-q/index.html[0m[0m
[33m                     - built-with-amazon-q/index.html[0m
[33m                     - /Users/ekhiyami/ekhiyami.github.io/_posts/2025-07-22-built-with-amazon-q.md[0m
[33m                    [0m
                    ...done in 0.37634 seconds.
                    
      Regenerating: 1 file(s) changed at 2025-08-06 07:57:39
                    jekyll.log
       Jekyll Feed: Generating feed for posts
[33m          Conflict: The following destination is shared by multiple files.[0m
[33m                    The written file may end up with unexpected contents.[0m
[33m                    [36m/Users/ekhiyami/ekhiyami.github.io/_site/automate-wa-review-amazon-q/index.html[0m[0m
[33m                     - automate-wa-review-amazon-q.md[0m
[33m                     - /Users/ekhiyami/ekhiyami.github.io/_posts/2025-6-15-automate-wa-review-q.md[0m
[33m                    [0m
[33m          Conflict: The following destination is shared by multiple files.[0m
[33m                    The written file may end up with unexpected contents.[0m
[33m                    [36m/Users/ekhiyami/ekhiyami.github.io/_site/built-with-amazon-q/index.html[0m[0m
[33m                     - built-with-amazon-q/index.html[0m
[33m                     - /Users/ekhiyami/ekhiyami.github.io/_posts/2025-07-22-built-with-amazon-q.md[0m
[33m                    [0m
                    ...done in 0.283021 seconds.
                    
      Regenerating: 1 file(s) changed at 2025-08-06 07:59:15
                    _layouts/default.html
       Jekyll Feed: Generating feed for posts
[33m          Conflict: The following destination is shared by multiple files.[0m
[33m                    The written file may end up with unexpected contents.[0m
[33m                    [36m/Users/ekhiyami/ekhiyami.github.io/_site/automate-wa-review-amazon-q/index.html[0m[0m
[33m                     - automate-wa-review-amazon-q.md[0m
[33m                     - /Users/ekhiyami/ekhiyami.github.io/_posts/2025-6-15-automate-wa-review-q.md[0m
[33m                    [0m
[33m          Conflict: The following destination is shared by multiple files.[0m
[33m                    The written file may end up with unexpected contents.[0m
[33m                    [36m/Users/ekhiyami/ekhiyami.github.io/_site/built-with-amazon-q/index.html[0m[0m
[33m                     - built-with-amazon-q/index.html[0m
[33m                     - /Users/ekhiyami/ekhiyami.github.io/_posts/2025-07-22-built-with-amazon-q.md[0m
[33m                    [0m
                    ...done in 0.350032 seconds.
                    
      Regenerating: 1 file(s) changed at 2025-08-06 07:59:30
                    _layouts/default.html
       Jekyll Feed: Generating feed for posts
[33m          Conflict: The following destination is shared by multiple files.[0m
[33m                    The written file may end up with unexpected contents.[0m
[33m                    [36m/Users/ekhiyami/ekhiyami.github.io/_site/automate-wa-review-amazon-q/index.html[0m[0m
[33m                     - automate-wa-review-amazon-q.md[0m
[33m                     - /Users/ekhiyami/ekhiyami.github.io/_posts/2025-6-15-automate-wa-review-q.md[0m
[33m                    [0m
[33m          Conflict: The following destination is shared by multiple files.[0m
[33m                    The written file may end up with unexpected contents.[0m
[33m                    [36m/Users/ekhiyami/ekhiyami.github.io/_site/built-with-amazon-q/index.html[0m[0m
[33m                     - built-with-amazon-q/index.html[0m
[33m                     - /Users/ekhiyami/ekhiyami.github.io/_posts/2025-07-22-built-with-amazon-q.md[0m
[33m                    [0m
                    ...done in 0.359141 seconds.
                    
      Regenerating: 2 file(s) changed at 2025-08-06 07:59:36
                    jekyll.log
                    .htaccess
       Jekyll Feed: Generating feed for posts
[33m          Conflict: The following destination is shared by multiple files.[0m
[33m                    The written file may end up with unexpected contents.[0m
[33m                    [36m/Users/ekhiyami/ekhiyami.github.io/_site/automate-wa-review-amazon-q/index.html[0m[0m
[33m                     - automate-wa-review-amazon-q.md[0m
[33m                     - /Users/ekhiyami/ekhiyami.github.io/_posts/2025-6-15-automate-wa-review-q.md[0m
[33m                    [0m
[33m          Conflict: The following destination is shared by multiple files.[0m
[33m                    The written file may end up with unexpected contents.[0m
[33m                    [36m/Users/ekhiyami/ekhiyami.github.io/_site/built-with-amazon-q/index.html[0m[0m
[33m                     - built-with-amazon-q/index.html[0m
[33m                     - /Users/ekhiyami/ekhiyami.github.io/_posts/2025-07-22-built-with-amazon-q.md[0m
[33m                    [0m
                    ...done in 0.29831 seconds.
                    
